Unable to capture context for thread 10560 in process 14264, can not generate back trace
Unable to capture context for thread 14152 in process 14264, can not generate back trace
Unable to capture context for thread 13984 in process 14264, can not generate back trace
Exception at PC 0x00007FFED2BBBB93
Printing stacktrace...

[0]  [0x00007FFED2BBBB93]
[1]  [0x00007FFED2BBBB93]
[2]  [0x00007FFED2BBB4A1]
[3]  [0x00007FFED2BBB3EF]
[4]  [0x00007FFED2BA19FE]
[5]  [0x00007FFED2BA0ED1]
[6]  [0x00007FFED2BA0D76]
[7]  [0x00007FFED2B479F6]
[8]  [0x00007FFED2B37AFB]
[9]  [0x00007FFED2C5E90A]
[10]  [0x00007FFED2C79F87]
[11]  [0x00007FFED2C7A05F]
[12] (BaseThreadInitThunk+0x14) [0x00007FFF3C068364]
[13] (RtlUserThreadStart+0x21) [0x00007FFF3C5970D1]
Done
Exception at PC 0x00007FFED28C1A52
Attemped to write at address 0x00007FFF0A78ABA4
Printing stacktrace...

[0]  [0x00007FFED28C1A52]
[1]  [0x00007FFED28C1A52]
[2]  [0x00007FFED28C1AD4]
[3]  [0x00007FFED2A03FF7]
[4]  [0x00007FFED28E9128]
[5]  [0x00007FFED2B9DFB9]
[6]  [0x00007FFED2D6EF23]
[7]  [0x00007FFED2C7B06B]
[8]  [0x00007FFED2C708AF]
[9]  [0x00007FFED2C70A32]
[10] (RtlDeactivateActivationContextUnsafeFast+0x1bf) [0x00007FFF3C55A35F]
[11] (LdrShutdownProcess+0x14b) [0x00007FFF3C53806B]
[12] (RtlExitUserProcess+0xb4) [0x00007FFF3C537D94]
[13] (ExitProcess+0xa) [0x00007FFF3C07CE6A]
[14] (exit+0x85) [0x00007FFF3B66A4A5]
[15] (initterm_e+0x231) [0x00007FFF3B66AB01]
[16]  [0x00000000004014CD]
[17]  [0x000000000040151B]
[18] (BaseThreadInitThunk+0x14) [0x00007FFF3C068364]
[19] (RtlUserThreadStart+0x21) [0x00007FFF3C5970D1]
Done
